****************************************
 Report : check_design
 Options: { pre_placement_stage }
 Design : pit_top
 Version: V-2023.12
 Date   : Sat Apr 27 09:43:39 2024
****************************************

****************************************
Report : Data Mismatches
Version: V-2023.12
Date   : Sat Apr 27 09:43:39 2024
****************************************
No mismatches exist on the design.
1
1
Information: There are no relative placement groups in the design. (NDMUI-173)
1
1

  *** EMS Message summary ***
  ----------------------------------------------------------------------------------------------------
  Rule         Type   Count      Message
  ----------------------------------------------------------------------------------------------------
  DFT-011      Info   1          The design has no scan chain defined in the scandef.
  DMM-105      Info   30         Mismatch type %mmtype is detected on object type %objtype at obj...
  TCK-001      Warn   142        The reported endpoint '%endpoint' is unconstrained. Reason: '%re...
  TCK-002      Warn   62         The register clock pin '%pin' has no fanin clocks. Mode:'%mode'.
  ----------------------------------------------------------------------------------------------------
  Total 235 EMS messages : 0 errors, 204 warnings, 31 info.
  ----------------------------------------------------------------------------------------------------

  *** Non-EMS message summary *** 
  ----------------------------------------------------------------------------------------------------
   Rule         Type   Count      Message
  ----------------------------------------------------------------------------------------------------
     NDMUI-173   Info          1 There are no relative placement groups in the design.
  ----------------------------------------------------------------------------------------------------
  Total 1 non-EMS messages : 0 errors, 0 warnings, 1 info.
  ----------------------------------------------------------------------------------------------------
