1710583968.220572: 21859-2af6d7de1c40: cdpl_log.c:236: in cdpl_log_open(): info: @@start_of_log@@
1710583968.220602: 21859-2af6d7de1c40: cdpl_log.c:874: in cdpl_log_dump_sysinfo(): info: time: 2024/03/16 12:12:48 EET +0200
1710583968.220606: 21859-2af6d7de1c40: cdpl_log.c:876: in cdpl_log_dump_sysinfo(): info: version: V-2023.09 
1710583968.220608: 21859-2af6d7de1c40: cdpl_log.c:878: in cdpl_log_dump_sysinfo(): info: system: Linux 3.10.0-1160.108.1.el7.x86_64 #1 SMP Thu Jan 25 16:17:31 UTC 2024
1710583968.220611: 21859-2af6d7de1c40: cdpl_log.c:883: in cdpl_log_dump_sysinfo(): info: processor: x86_64 64-bits
1710583968.220613: 21859-2af6d7de1c40: cdpl_log.c:887: in cdpl_log_dump_sysinfo(): info: hostname: elc-p07-2088-05-lnx
1710583968.220616: 21859-2af6d7de1c40: cdpl_log.c:238: in cdpl_log_open(): debug: path: /home/vlsi/Desktop/dont_deleteee_sec16_solyman/digital_labs/ASIC_project/formality/FM_WORK/.cdpl/master.elc-p07-2088-05-lnx.21859.log
1710583968.220618: 21859-2af6d7de1c40: cdpl_log.c:239: in cdpl_log_open(): debug: dir: /home/vlsi/Desktop/dont_deleteee_sec16_solyman/digital_labs/ASIC_project/formality/FM_WORK/.cdpl
1710583968.220632: 21859-2af6d7de1c40: cdpl_server.c:542: in cdpl_sv_init(): info: new server S779475213
1710583968.220640: 21859-2af6d7de1c40: cdpl_ipc.c:3096: in cdpl_ipc_init(): info: requesting IPv4 protocol
1710583968.228582: 21859-2af6d7de1c40: cdpl_monitor.c:1117: in cdpl_mn_new_server(): info: creating server monitor instance
1710583968.228598: 21859-2af6d7de1c40: cdpl_server.c:656: in cdpl_sv_new_master(): info: new master M1
1710583968.228614: 21859-2af6d7de1c40: cdpl_compat_master.c:2574: in cdplInitMaster(): info: bcast dir is `/home/vlsi/Desktop/dont_deleteee_sec16_solyman/digital_labs/ASIC_project/formality/FM_WORK/.cdpl'
1710583968.228812: 21859-2af6d7de1c40: cdpl_server.c:5472: in cdpl_sv_ctl_master(): info: farm worker timeout set to 300
1710583968.228817: 21859-2af6d7de1c40: cdpl_server.c:5525: in cdpl_sv_ctl_master(): info: maximum number of task execution attempts set to 1
1710583968.228831: 21859-2af6d7de1c40: cdpl_farm.c:2510: in cdpl_farm_new_sh(): info: creating SH farm on localhost
1710583968.228839: 21859-2af6d7de1c40: cdpl_compat_master.c:207: in _set_farm_env(): info: exporting CDPL_LOGDIR as `/home/vlsi/Desktop/dont_deleteee_sec16_solyman/digital_labs/ASIC_project/formality/FM_WORK/.cdpl'
1710583968.228844: 21859-2af6d7de1c40: cdpl_compat_master.c:234: in _set_farm_env(): info: exporting SNPSLMD_LICENSE_FILE as `27020@10.2.122.113'
1710583968.228847: 21859-2af6d7de1c40: cdpl_compat_master.c:261: in _set_farm_env(): info: exporting DISPLAY as `:0'
1710583968.228855: 21859-2af6d7de1c40: cdpl_farm.c:2928: in cdpl_farm_add_withcap(): debug: added `localhost' (capacity: 1)
1710583968.228864: 21859-2af6d7de1c40: cdpl_server.c:3128: in cdpl_sv_start(): debug: starting server
1710583968.228868: 21859-2af6d7de1c40: cdpl_ipc.c:3243: in cdpl_ipc_start(): debug: starting IPC server 10.7.165.111:36686
1710583968.228964: 21859-2af6d7de1c40: cdpl_server.c:737: in cdpl_sv_new_job(): info: new job J1 in M1
1710583968.228975: 21859-2af6d7de1c40: cdpl_compat_master.c:1369: in _add_worker(): info: new worker type 3, min:1, max:1, cmd:`/eda/synopsys/fm/V-2023.12/linux64/fm/bin/fm_e1_exec -binpath /eda/synopsys/fm/V-2023.12 -parallel'
1710583968.228979: 21859-2af6d7de1c40: cdpl_server.c:899: in cdpl_sv_new_bin_withfarm(): info: new bin B1 in J1
1710583968.228985: 21859-2af6dafb7700: cdpl_server_ipc.c:1058: in _sv_ipc_thread(): debug: ready
1710583968.228999: 21859-2af6d7de1c40: cdpl_server.c:3182: in cdpl_sv_start_job(): info: starting job J1
1710583968.229010: 21859-2af6d7de1c40: cdpl_server.c:62: in _sv_start_bin(): debug: starting bin B1 (min: 0, max: 1)
1710583968.229052: 21859-2af6d7de1c40: cdpl_server.c:1829: in _sv_gen_task(): info: new task T0 in B1 (prio 0)
1710583968.229057: 21859-2af6d7de1c40: cdpl_compat_master.c:3660: in cdplScheduleTasks(): debug: scheduling tasks
1710583968.229061: 21859-2af6d7de1c40: cdpl_server.c:1233: in cdpl_sv_schedule_all_tasks(): debug: scheduling all tasks
1710583968.229085: 21859-2af6db1b8700: cdpl_server_sched.c:2412: in _sv_scheduler_thread(): debug: scheduler for bin B1 started
1710583968.229098: 21859-2af6db1b8700: cdpl_server_sched.c:2373: in _scheduler_run(): debug: will start a new worker
1710583968.229113: 21859-2af6db1b8700: cdpl_farm.c:3628: in cdpl_farm_submit(): debug: 1 running processes
1710583968.229119: 21859-2af6db1b8700: cdpl_farm.c:1971: in _pickahost(): debug: `localhost' now reaches maximum capacity
1710583968.229122: 21859-2af6db1b8700: cdpl_farm.c:3636: in cdpl_farm_submit(): debug: new command C1 in bin B1 assigned to host `localhost'
1710583968.229162: 21859-2af6db1b8700: cdpl_server_sched.c:711: in _sv_launch_worker(): info: started worker W1 (as C1) in bin B1
1710583968.229165: 21859-2af6db3b9700: cdpl_farm.c:2097: in _schedule(): debug: started
1710583968.229172: 21859-2af6db3b9700: cdpl_farm.c:2235: in _schedule(): debug: submitting command C1 in bin B1
1710583968.229180: 21859-2af6db3b9700: cdpl_sh.c:49: in _sh_detached_submit(): info: SH : /eda/synopsys/fm/V-2023.12/linux64/fm/bin/fm_e1_exec -binpath /eda/synopsys/fm/V-2023.12 -parallel
1710583968.230296: 21859-2af6db3b9700: cdpl_farm.c:2275: in _schedule(): debug: C1 in bin B1 running on slot 0
1710583968.230322: 21859-2af6db3b9700: cdpl_farm.c:2117: in _schedule(): debug: idle
1710583968.530435: 21859-2af6db3b9700: cdpl_farm.c:2161: in _schedule(): debug: waking up
1710583968.530478: 21859-2af6db3b9700: cdpl_farm.c:1175: in _onexit(): debug: C1 in bin B1 exited normally on slot 0
1710583968.530492: 21859-2af6db3b9700: cdpl_farm.c:2117: in _schedule(): debug: idle
1710583968.681681: 21859-2af6dadb6700: cdpl_ipc.c:1693: in _epoll_accept(): debug: new connection from `10.7.165.111:56076'
1710583968.681816: 21859-2af6dafb7700: cdpl_server_ipc.c:1101: in _sv_ipc_thread(): debug: received ACCEPT notification
1710583968.681853: 21859-2af6dafb7700: cdpl_ipc.c:2245: in cdpl_ipc_host_accept(): debug: accepted host `10.7.165.111:56076'
1710583968.681980: 21859-2af6dafb7700: cdpl_server_ipc.c:1122: in _sv_ipc_thread(): debug: received HELLO message
1710583968.682007: 21859-2af6dafb7700: cdpl_server_ipc.c:343: in _sv_on_hello(): debug: looking up W1
1710583968.682027: 21859-2af6dafb7700: cdpl_server_ipc.c:453: in _sv_on_hello(): info: W1 is `10.7.165.111:56076'
1710583968.682036: 21859-2af6dafb7700: cdpl_server_ipc.c:454: in _sv_on_hello(): debug: hello W1 (B1)
1710583968.682045: 21859-2af6dafb7700: cdpl_server_ipc.c:455: in _sv_on_hello(): info: W1 log file is /home/vlsi/Desktop/dont_deleteee_sec16_solyman/digital_labs/ASIC_project/formality/FM_WORK/.cdpl/worker.W1.elc-p07-2088-05-lnx.22265.log
1710583968.682080: 21859-2af6dafb7700: cdpl_server_ipc.c:482: in _sv_on_hello(): info: up to 1 alive workers in B1
1710583968.682104: 21859-2af6dafb7700: cdpl_farm.c:873: in _release_cmd(): debug: freeing command C1 in bin B1
1710583968.682165: 21859-2af6db1b8700: cdpl_server_sched.c:966: in _assign(): info: assigning task T0 to worker W1
1710583968.682896: 21859-2af6dafb7700: cdpl_server_ipc.c:1127: in _sv_ipc_thread(): debug: received FINISH message
1710583968.682922: 21859-2af6dafb7700: cdpl_server_ipc.c:859: in _sv_on_finish(): info: worker W1 completed task T0
1710583968.682933: 21859-2af6dafb7700: cdpl_server_ipc.c:864: in _sv_on_finish(): debug: stat T0: utime=82 stime=33
1710583968.682943: 21859-2af6dafb7700: cdpl_server_ipc.c:869: in _sv_on_finish(): debug: statm T0: vsize=110204 rss=13088 shared=6696 text=39964 data=15524
1710583968.683242: 21859-2af6d7de1c40: cdpl_server.c:1829: in _sv_gen_task(): info: new task T1 in B1 (prio 0)
1710583968.683271: 21859-2af6d7de1c40: cdpl_compat_master.c:3660: in cdplScheduleTasks(): debug: scheduling tasks
1710583968.683281: 21859-2af6d7de1c40: cdpl_server.c:1233: in cdpl_sv_schedule_all_tasks(): debug: scheduling all tasks
1710583968.683355: 21859-2af6db1b8700: cdpl_server_sched.c:966: in _assign(): info: assigning task T1 to worker W1
1710583968.683928: 21859-2af6dafb7700: cdpl_server_ipc.c:1127: in _sv_ipc_thread(): debug: received FINISH message
1710583968.683956: 21859-2af6dafb7700: cdpl_server_ipc.c:859: in _sv_on_finish(): info: worker W1 completed task T1
1710583968.683980: 21859-2af6dafb7700: cdpl_server_ipc.c:864: in _sv_on_finish(): debug: stat T1: utime=1 stime=0
1710583968.683991: 21859-2af6dafb7700: cdpl_server_ipc.c:869: in _sv_on_finish(): debug: statm T1: vsize=110204 rss=13172 shared=6760 text=39964 data=15524
1710583968.688439: 21859-2af6d7de1c40: cdpl_server.c:222: in _sv_free_task_safe(): debug: freeing task T1
1710583968.710335: 21859-2af6d7de1c40: cdpl_server.c:1829: in _sv_gen_task(): info: new task T2 in B1 (prio 0)
1710583968.710357: 21859-2af6d7de1c40: cdpl_compat_master.c:3660: in cdplScheduleTasks(): debug: scheduling tasks
1710583968.710368: 21859-2af6d7de1c40: cdpl_server.c:1233: in cdpl_sv_schedule_all_tasks(): debug: scheduling all tasks
1710583968.710442: 21859-2af6db1b8700: cdpl_server_sched.c:966: in _assign(): info: assigning task T2 to worker W1
1710583968.762081: 21859-2af6dafb7700: cdpl_server_ipc.c:1127: in _sv_ipc_thread(): debug: received FINISH message
1710583968.762118: 21859-2af6dafb7700: cdpl_server_ipc.c:859: in _sv_on_finish(): info: worker W1 completed task T2
1710583968.762131: 21859-2af6dafb7700: cdpl_server_ipc.c:864: in _sv_on_finish(): debug: stat T2: utime=1 stime=3
1710583968.762142: 21859-2af6dafb7700: cdpl_server_ipc.c:869: in _sv_on_finish(): debug: statm T2: vsize=110208 rss=13660 shared=7192 text=39964 data=15528
1710583968.766723: 21859-2af6d7de1c40: cdpl_server.c:222: in _sv_free_task_safe(): debug: freeing task T2
1710583968.767410: 21859-2af6d7de1c40: cdpl_server.c:1829: in _sv_gen_task(): info: new task T3 in B1 (prio 0)
1710583968.767427: 21859-2af6d7de1c40: cdpl_compat_master.c:3660: in cdplScheduleTasks(): debug: scheduling tasks
1710583968.767437: 21859-2af6d7de1c40: cdpl_server.c:1233: in cdpl_sv_schedule_all_tasks(): debug: scheduling all tasks
1710583968.767481: 21859-2af6db1b8700: cdpl_server_sched.c:966: in _assign(): info: assigning task T3 to worker W1
1710583968.777419: 21859-2af6dafb7700: cdpl_server_ipc.c:1127: in _sv_ipc_thread(): debug: received FINISH message
1710583968.777449: 21859-2af6dafb7700: cdpl_server_ipc.c:859: in _sv_on_finish(): info: worker W1 completed task T3
1710583968.777461: 21859-2af6dafb7700: cdpl_server_ipc.c:864: in _sv_on_finish(): debug: stat T3: utime=8 stime=0
1710583968.777473: 21859-2af6dafb7700: cdpl_server_ipc.c:869: in _sv_on_finish(): debug: statm T3: vsize=110336 rss=14148 shared=7636 text=39964 data=15656
1710583968.777644: 21859-2af6d7de1c40: cdpl_server.c:222: in _sv_free_task_safe(): debug: freeing task T3
1710583969.365333: 21859-2af6d7de1c40: cdpl_server.c:2956: in cdpl_sv_halt_job_errno(): info: stopping job J1
1710583969.365348: 21859-2af6d7de1c40: cdpl_server.c:2977: in cdpl_sv_halt_job_errno(): debug: signal bin B1 scheduler to stop
1710583969.365394: 21859-2af6db1b8700: cdpl_server_sched.c:2414: in _sv_scheduler_thread(): debug: scheduler for bin B1 stopped
1710583969.365406: 21859-2af6db1b8700: cdpl_ipc.c:1488: in _host_drop__UNSAFE(): debug: dropping host `10.7.165.111:56076'
1710583969.365448: 21859-2af6db1b8700: cdpl_server_sched.c:2760: in _sv_drop_worker(): info: down to 0 alive workers in B1
1710583969.365452: 21859-2af6dafb7700: cdpl_server_ipc.c:1112: in _sv_ipc_thread(): debug: received DROP notification
1710583969.365466: 21859-2af6db1b8700: cdpl_farm.c:3803: in cdpl_farm_dismiss(): debug: down to 0 running processes
1710583969.365471: 21859-2af6db1b8700: cdpl_farm.c:2023: in _unpickhost(): debug: `localhost' is once again available
1710583969.365490: 21859-2af6db1b8700: cdpl_server_sched.c:121: in _free_worker_2(): debug: freeing worker W1
1710583969.365494: 21859-2af6db1b8700: cdpl_ipc.c:2255: in cdpl_ipc_host_release(): debug: releasing host `10.7.165.111:56076'
1710583969.365510: 21859-2af6d7de1c40: cdpl_server.c:2941: in cdpl_sv_halt_job_errno(): info: killing job J1
1710583969.365536: 21859-2af6d7de1c40: cdpl_server.c:287: in _sv_free_job(): info: freeing job J1
1710583969.365539: 21859-2af6d7de1c40: cdpl_server.c:92: in _sv_free_bin(): debug: freeing bin B1
1710583969.365554: 21859-2af6d7de1c40: cdpl_server.c:184: in _sv_free_task(): debug: freeing task T0
1710583973.365878: 21859-2af6d7de1c40: cdpl_farm.c:2654: in cdpl_farm_free(): info: freeing farm
1710583973.365992: 21859-2af6db3b9700: cdpl_farm.c:2161: in _schedule(): debug: waking up
1710583973.366021: 21859-2af6db3b9700: cdpl_farm.c:2168: in _schedule(): debug: dying
1710583973.366181: 21859-2af6d7de1c40: cdpl_farm.c:903: in _killall(): debug: killing all remaining commands
1710583973.366227: 21859-2af6d7de1c40: cdpl_server.c:3077: in cdpl_sv_free(): info: freeing server S779475213
1710583973.366240: 21859-2af6d7de1c40: cdpl_server.c:3042: in cdpl_sv_kill_errno(): info: killing server
1710583973.366250: 21859-2af6d7de1c40: cdpl_ipc.c:3288: in cdpl_ipc_kill(): debug: stopping event server
1710583973.366296: 21859-2af6dadb6700: cdpl_ipc.c:2202: in _epoll_main(): debug: server going down...
1710583973.366359: 21859-2af6dafb7700: cdpl_server_ipc.c:1076: in _sv_ipc_thread(): debug: leaving now
1710583973.366413: 21859-2af6d7de1c40: cdpl_server.c:327: in _sv_free_master(): info: freeing master M1
1710583973.366443: 21859-2af6d7de1c40: cdpl_hash.c:68: in cdpl_h_destroy(): debug: put operations: 1
1710583973.366457: 21859-2af6d7de1c40: cdpl_hash.c:69: in cdpl_h_destroy(): debug: put collisions: 0
1710583973.366471: 21859-2af6d7de1c40: cdpl_hash.c:70: in cdpl_h_destroy(): debug: get operations: 0
1710583973.366487: 21859-2af6d7de1c40: cdpl_hash.c:71: in cdpl_h_destroy(): debug: get iterations: 0
1710583973.366513: 21859-2af6d7de1c40: cdpl_monitor.c:1390: in cdpl_mn_free(): debug: freeing monitor server
1710583973.366532: 21859-2af6d7de1c40: cdpl_ipc.c:3339: in cdpl_ipc_free(): debug: releasing IPC handle
1710583973.366542: 21859-2af6d7de1c40: cdpl_ipc.c:1413: in _host_free__UNSAFE(): debug: freeing host `10.7.165.111:56076'
1710583973.366552: 21859-2af6d7de1c40: cdpl_ipc.c:1452: in _host_free__UNSAFE(): debug: [0 outq, 0 spR, 0 spW]
1710583973.366591: 21859-2af6d7de1c40: cdpl_ipc.c:3378: in cdpl_ipc_free(): debug: done
1710583973.366603: 21859-2af6d7de1c40: cdpl_log.c:379: in cdpl_log_close(): info: @@end_of_log@@
